
    {
        "id": 1,
        "blockNumber": 14628003,
        "blockTimestamp": 1650540014,
        "fee": "2663248706229225",
        "hash": "0x7a4a39da2a3fa1fc2ef88fd1eaea070286ed2aba21e0419dcfb6d5c5d9f02a72",
        "pubkey": "0xa0b86991c6218b36c1d19d4a2e9eb0ce3606eb48",
        "createdAt": "2024-09-10T09:49:02.570Z"
    },
    {
        "id": 2,
        "blockNumber": 14628004,
        "blockTimestamp": 1650540050,
        "fee": "2663248706229350",
        "hash": "0xb1a239da2b4fa1gc2ef98fd1eaea071287ec2aba21f0421dcfb6e6c6d9f02a73",
        "pubkey": "0xa1b86991c6219b37c1d29d4a3f9eb0df3607eb49",
        "createdAt": "2024-09-10T10:17:25.758Z"
    },
    {
        "id": 3,
        "blockNumber": 14628005,
        "blockTimestamp": 1650540090,
        "fee": "2663248706229450",
        "hash": "0xc2b249da2c5fa2gc2ef98fd2eaea072288fd3aba22g0432dcfb6f7d7d9f02a74",
        "pubkey": "0xa2b86991c6229b38c1e29e4a4f9fb0gf3708fb50",
        "createdAt": "2024-09-10T10:17:25.758Z"
    },
    {
        "id": 4,
        "blockNumber": 14628006,
        "blockTimestamp": 1650540150,
        "fee": "2663248706229550",
        "hash": "0xd3b359da2d6fa3gc2ef99fd3eaea073289fe4aba23h0443dcfb6g8d8d9f02a75",
        "pubkey": "0xa3b86991c6239b39c1f29f4a5f9gb0hf4809gb51",
        "createdAt": "2024-09-10T10:17:25.758Z"
    },
    {
        "id": 5,
        "blockNumber": 14628007,
        "blockTimestamp": 1650540210,
        "fee": "2663248706229650",
        "hash": "0xe4b469da2e7fa4gc2ef99fd4eaea074290fg5aba24i0454dcfb6h9d9d9f02a76",
        "pubkey": "0xa4b86991c6249b40c1g29g4a6f9hb0ig590agb52",
        "createdAt": "2024-09-10T10:17:25.758Z"
    },
    {
        "id": 6,
        "blockNumber": 14628008,
        "blockTimestamp": 1650540270,
        "fee": "2663248706229750",
        "hash": "0xf5b579da2f8fa5gc2ef99fd5eaea075291gh6aba25j0465dcfb6i0d0d9f02a77",
        "pubkey": "0xa5b86991c6259b41c1h29h4a7f9ib0jh601bgb53",
        "createdAt": "2024-09-10T10:17:25.758Z"
    },
    {
        "id": 7,
        "blockNumber": 14628009,
        "blockTimestamp": 1650540330,
        "fee": "2663248706229850",
        "hash": "0xa6b689da309fa6gc2ef99fd6eaea076292hi7aba26k0476dcfb6j1d1d9f02a78",
        "pubkey": "0xa6b86991c6269b42c1i29i4a8f9jb0ki702cgb54",
        "createdAt": "2024-09-10T10:17:25.758Z"
    },
    {
        "id": 8,
        "blockNumber": 14628010,
        "blockTimestamp": 1650540390,
        "fee": "2663248706229950",
        "hash": "0xb7b799da31afa7gc2ef99fd7eaea077293ij8aba27l0487dcfb6k2d2d9f02a79",
        "pubkey": "0xa7b86991c6279b43c1j29j4a9f9kb0lj803dgb55",
        "createdAt": "2024-09-10T10:17:25.758Z"
    },
    {
        "id": 9,
        "blockNumber": 14628011,
        "blockTimestamp": 1650540450,
        "fee": "2663248706230050",
        "hash": "0xc8b809da32bfa8gc2ef99fd8eaea078294jk9aba28m0498dcfb6l3d3d9f02a80",
        "pubkey": "0xa8b86991c6289b44c1k29k4a0f9lb0mk904egb56",
        "createdAt": "2024-09-10T10:17:25.758Z"
    },
    {
        "id": 10,
        "blockNumber": 14628012,
        "blockTimestamp": 1650540510,
        "fee": "2663248706230150",
        "hash": "0xd9b919da33cfa9gc2ef99fd9eaea079295kl1aba29n0509dcfb6m4d4d9f02a81",
        "pubkey": "0xa9b86991c6299b45c1l29l4a1f9mb0nl105fgb57",
        "createdAt": "2024-09-10T10:17:25.758Z"
    },
    {
        "id": 11,
        "blockNumber": 14628013,
        "blockTimestamp": 1650540570,
        "fee": "2663248706230250",
        "hash": "0xe0b029da34dfaagc2ef99fdeaea07a296ml2aba30o0510dcfb6n5d5d9f02a82",
        "pubkey": "0xaaa86991c6309b46c1m29m4a2f9nb0om206hgb58",
        "createdAt": "2024-09-10T10:17:25.758Z"
    },
    {
        "id": 12,
        "blockNumber": 14628014,
        "blockTimestamp": 1650540630,
        "fee": "2663248706230350",
        "hash": "0xf1b139da35efaagc2ef99fdea2ea07b297nm3aba31p0521dcfb6o6d6d9f02a83",
        "pubkey": "0xabb86991c6319b47c1n29n4a3f9ob0pn307igb59",
        "createdAt": "2024-09-10T10:17:25.758Z"
    },
    {
        "id": 13,
        "blockNumber": 14628015,
        "blockTimestamp": 1650540690,
        "fee": "2663248706230450",
        "hash": "0xa2b249da36fgaagc2ef99fdebea07c298om4aba32q0532dcfb6p7d7d9f02a84",
        "pubkey": "0xacb86991c6329b48c1o29o4a4f9pb0qo408jgb60",
        "createdAt": "2024-09-10T10:17:25.758Z"
    },
    {
        "id": 14,
        "blockNumber": 14628016,
        "blockTimestamp": 1650540750,
        "fee": "2663248706230550",
        "hash": "0xb3b359da37hgaagc2ef99fdefea07d299pm5aba33r0543dcfb6q8d8d9f02a85",
        "pubkey": "0xadb86991c6339b49c1p29p4a5f9qb0rp509kgb61",
        "createdAt": "2024-09-10T10:17:25.758Z"
    },
    {
        "id": 15,
        "blockNumber": 14628017,
        "blockTimestamp": 1650540810,
        "fee": "2663248706230650",
        "hash": "0xc4b469da38igaagc2ef99fdfgea07e300qm6aba34s0554dcfb6r9d9d9f02a86",
        "pubkey": "0xaeb86991c6349b50c1q29q4a6f9rb0sq610lgb62",
        "createdAt": "2024-09-10T10:17:25.758Z"
    },
    {
        "id": 16,
        "blockNumber": 14628018,
        "blockTimestamp": 1650540870,
        "fee": "2663248706230750",
        "hash": "0xd5b579da39jgaagc2ef99fdhfea07f301rn7aba35t0565dcfb6s0d0d9f02a87",
        "pubkey": "0xafb86991c6359b51c1r29r4a7f9sb0tr711mgb63",
        "createdAt": "2024-09-10T10:17:25.758Z"
    },
    {
        "id": 17,
        "blockNumber": 14628019,
        "blockTimestamp": 1650540930,
        "fee": "2663248706230850",
        "hash": "0xe6b689da40kgaagc2ef99fdigea07g302so8aba36u0576dcfb6t1d1d9f02a88",
        "pubkey": "0xb0b86991c6369b52c1s29s4a8f9tb0us812ngb64",
        "createdAt": "2024-09-10T10:17:25.758Z"
    },
    {
        "id": 18,
        "blockNumber": 14628020,
        "blockTimestamp": 1650540990,
        "fee": "2663248706230950",
        "hash": "0xf7b799da41lgaagc2ef99fdjgea07h303tp9aba37v0587dcfb6u2d2d9f02a89",
        "pubkey": "0xb1b86991c6379b53c1t29t4a9f9ub0vt913ogb65",
        "createdAt": "2024-09-10T10:17:25.758Z"
    },
    {
        "id": 19,
        "blockNumber": 14628021,
        "blockTimestamp": 1650541050,
        "fee": "2663248706231050",
        "hash": "0xa8b809da42mgaagc2ef99fdkfea07i304uq1aba38w0598dcfb6v3d3d9f02a90",
        "pubkey": "0xb2b86991c6389b54c1u29u4a0f9vb0wu014pgb66",
        "createdAt": "2024-09-10T10:17:25.758Z"
    },
    {
        "id": 20,
        "blockNumber": 14628022,
        "blockTimestamp": 1650541110,
        "fee": "2663248706231150",
        "hash": "0xb9b919da43ngaagc2ef99fdlgea07j305vr2aba39x0609dcfb6w4d4d9f02a91",
        "pubkey": "0xb3b86991c6399b55c1v29v4a1f9wb0xv115qgb67",
        "createdAt": "2024-09-10T10:17:25.758Z"
    },
    {
        "id": 111,
        "blockNumber": 14628003,
        "blockTimestamp": 1650540014,
        "fee": "2663248706229225",
        "hash": "0x7a4a39da2a3fa1fc2ef88fd1eaea070286ed2aba21e0419dcfb6d5c5d9f02a72",
        "pubkey": "0xa0b86991c6218b36c1d19d4a2e9eb0ce3606eb48",
        "createdAt": "2024-09-10T10:17:25.758Z"
    }
